<?xml version="1.0" encoding="UTF-8"?>
<!-- Generated by org.testng.reporters.JUnitXMLReporter -->
<testsuite ignored="3" hostname="DESKTOP-74E8GDS" failures="0" tests="1" name="Test" time="0.081" errors="0" timestamp="2023-09-11T17:44:38 AEST">
  <testcase classname="demo.TestNGGroupsDemo" name="Test2" time="0.012"/>
  <testcase classname="demo.TestNGGroupsDemo" name="Test4" time="0.0">
    <ignored/>
  </testcase> <!-- Test4 -->
  <testcase classname="demo.TestNGGroupsDemo" name="Test3" time="0.0">
    <ignored/>
  </testcase> <!-- Test3 -->
  <testcase classname="demo.TestNGGroupsDemo" name="Test1" time="0.0">
    <ignored/>
  </testcase> <!-- Test1 -->
</testsuite> <!-- Test -->
