<?xml version="1.0" encoding="UTF-8"?>
<testng-results ignored="0" total="1" passed="1" failed="0" skipped="0">
  <reporter-output>
  </reporter-output>
  <suite started-at="2023-09-12T14:30:52 AEST" name="Default suite" finished-at="2023-09-12T14:31:14 AEST" duration-ms="21391">
    <groups>
    </groups>
    <test started-at="2023-09-12T14:30:52 AEST" name="Default test" finished-at="2023-09-12T14:31:14 AEST" duration-ms="21391">
      <class name="demo.RecordingKatalonDemo">
        <test-method is-config="true" signature="setUp()[pri:0, instance:demo.RecordingKatalonDemo@231f98ef]" started-at="2023-09-12T14:30:52 AEST" name="setUp" finished-at="2023-09-12T14:30:55 AEST" duration-ms="3146" status="PASS">
          <reporter-output>
          </reporter-output>
        </test-method> <!-- setUp -->
        <test-method signature="testUntitledTestCase()[pri:0, instance:demo.RecordingKatalonDemo@231f98ef]" started-at="2023-09-12T14:30:55 AEST" name="testUntitledTestCase" finished-at="2023-09-12T14:31:13 AEST" duration-ms="18004" status="PASS">
          <reporter-output>
          </reporter-output>
        </test-method> <!-- testUntitledTestCase -->
        <test-method is-config="true" signature="tearDown()[pri:0, instance:demo.RecordingKatalonDemo@231f98ef]" started-at="2023-09-12T14:31:13 AEST" name="tearDown" finished-at="2023-09-12T14:31:14 AEST" duration-ms="191" status="PASS">
          <reporter-output>
          </reporter-output>
        </test-method> <!-- tearDown -->
      </class> <!-- demo.RecordingKatalonDemo -->
    </test> <!-- Default test -->
  </suite> <!-- Default suite -->
</testng-results>
